[2021-04-18 17:07:19] [WARN ] [tk.mybatis.spring.mapper.ClassPathMapperScanner:229]-- Skipping MapperFactoryBean with name 'companyMapper' and 'CompanyMapper' mapperInterface. Bean already defined with the same name!
[2021-04-18 17:07:19] [WARN ] [tk.mybatis.spring.mapper.ClassPathMapperScanner:229]-- Skipping MapperFactoryBean with name 'sysUserMapper' and 'SysUserMapper' mapperInterface. Bean already defined with the same name!
[2021-04-18 17:07:19] [WARN ] [tk.mybatis.spring.mapper.ClassPathMapperScanner:146]-- No MyBatis mapper was found in '[com.company.logistics.**.mapper]' package. Please check your configuration.
[2021-04-18 17:07:19] [WARN ] [org.mybatis.spring.mapper.ClassPathMapperScanner:44]-- No MyBatis mapper was found in '[com.company.logistics.controller]' package. Please check your configuration.
[2021-04-18 17:07:19] [WARN ] [org.springframework.context.annotation.ConfigurationClassPostProcessor:381]-- Cannot enhance @Configuration bean definition 'mapperConfiguration' since its singleton instance has been created too early. The typical cause is a non-static @Bean method with a BeanDefinitionRegistryPostProcessor return type: Consider declaring such methods as 'static'.
[2021-04-18 17:10:12] [WARN ] [tk.mybatis.spring.mapper.ClassPathMapperScanner:229]-- Skipping MapperFactoryBean with name 'companyMapper' and 'CompanyMapper' mapperInterface. Bean already defined with the same name!
[2021-04-18 17:10:12] [WARN ] [tk.mybatis.spring.mapper.ClassPathMapperScanner:229]-- Skipping MapperFactoryBean with name 'sysUserMapper' and 'SysUserMapper' mapperInterface. Bean already defined with the same name!
[2021-04-18 17:10:12] [WARN ] [tk.mybatis.spring.mapper.ClassPathMapperScanner:146]-- No MyBatis mapper was found in '[com.company.logistics.**.mapper]' package. Please check your configuration.
[2021-04-18 17:10:12] [WARN ] [org.mybatis.spring.mapper.ClassPathMapperScanner:44]-- No MyBatis mapper was found in '[com.company.logistics.controller]' package. Please check your configuration.
[2021-04-18 17:10:12] [WARN ] [org.springframework.context.annotation.ConfigurationClassPostProcessor:381]-- Cannot enhance @Configuration bean definition 'mapperConfiguration' since its singleton instance has been created too early. The typical cause is a non-static @Bean method with a BeanDefinitionRegistryPostProcessor return type: Consider declaring such methods as 'static'.
[2021-04-18 17:13:11] [WARN ] [tk.mybatis.spring.mapper.ClassPathMapperScanner:229]-- Skipping MapperFactoryBean with name 'companyMapper' and 'CompanyMapper' mapperInterface. Bean already defined with the same name!
[2021-04-18 17:13:11] [WARN ] [tk.mybatis.spring.mapper.ClassPathMapperScanner:229]-- Skipping MapperFactoryBean with name 'sysUserMapper' and 'SysUserMapper' mapperInterface. Bean already defined with the same name!
[2021-04-18 17:13:11] [WARN ] [tk.mybatis.spring.mapper.ClassPathMapperScanner:146]-- No MyBatis mapper was found in '[com.company.logistics.**.mapper]' package. Please check your configuration.
[2021-04-18 17:13:11] [WARN ] [org.mybatis.spring.mapper.ClassPathMapperScanner:44]-- No MyBatis mapper was found in '[com.company.logistics.controller]' package. Please check your configuration.
[2021-04-18 17:13:11] [WARN ] [org.springframework.context.annotation.ConfigurationClassPostProcessor:381]-- Cannot enhance @Configuration bean definition 'mapperConfiguration' since its singleton instance has been created too early. The typical cause is a non-static @Bean method with a BeanDefinitionRegistryPostProcessor return type: Consider declaring such methods as 'static'.
[2021-04-18 17:21:03] [WARN ] [tk.mybatis.spring.mapper.ClassPathMapperScanner:229]-- Skipping MapperFactoryBean with name 'companyMapper' and 'CompanyMapper' mapperInterface. Bean already defined with the same name!
[2021-04-18 17:21:03] [WARN ] [tk.mybatis.spring.mapper.ClassPathMapperScanner:229]-- Skipping MapperFactoryBean with name 'sysUserMapper' and 'SysUserMapper' mapperInterface. Bean already defined with the same name!
[2021-04-18 17:21:03] [WARN ] [tk.mybatis.spring.mapper.ClassPathMapperScanner:146]-- No MyBatis mapper was found in '[com.company.logistics.**.mapper]' package. Please check your configuration.
[2021-04-18 17:21:03] [WARN ] [org.mybatis.spring.mapper.ClassPathMapperScanner:44]-- No MyBatis mapper was found in '[com.company.logistics.controller]' package. Please check your configuration.
[2021-04-18 17:21:03] [WARN ] [org.springframework.context.annotation.ConfigurationClassPostProcessor:381]-- Cannot enhance @Configuration bean definition 'mapperConfiguration' since its singleton instance has been created too early. The typical cause is a non-static @Bean method with a BeanDefinitionRegistryPostProcessor return type: Consider declaring such methods as 'static'.
[2021-04-18 17:27:45] [WARN ] [tk.mybatis.spring.mapper.ClassPathMapperScanner:229]-- Skipping MapperFactoryBean with name 'companyMapper' and 'CompanyMapper' mapperInterface. Bean already defined with the same name!
[2021-04-18 17:27:45] [WARN ] [tk.mybatis.spring.mapper.ClassPathMapperScanner:229]-- Skipping MapperFactoryBean with name 'sysUserMapper' and 'SysUserMapper' mapperInterface. Bean already defined with the same name!
[2021-04-18 17:27:45] [WARN ] [tk.mybatis.spring.mapper.ClassPathMapperScanner:146]-- No MyBatis mapper was found in '[com.company.logistics.**.mapper]' package. Please check your configuration.
[2021-04-18 17:27:45] [WARN ] [org.mybatis.spring.mapper.ClassPathMapperScanner:44]-- No MyBatis mapper was found in '[com.company.logistics.controller]' package. Please check your configuration.
[2021-04-18 17:27:45] [WARN ] [org.springframework.context.annotation.ConfigurationClassPostProcessor:381]-- Cannot enhance @Configuration bean definition 'mapperConfiguration' since its singleton instance has been created too early. The typical cause is a non-static @Bean method with a BeanDefinitionRegistryPostProcessor return type: Consider declaring such methods as 'static'.
[2021-04-18 17:44:11] [WARN ] [tk.mybatis.spring.mapper.ClassPathMapperScanner:229]-- Skipping MapperFactoryBean with name 'companyMapper' and 'CompanyMapper' mapperInterface. Bean already defined with the same name!
[2021-04-18 17:44:11] [WARN ] [tk.mybatis.spring.mapper.ClassPathMapperScanner:229]-- Skipping MapperFactoryBean with name 'sysUserMapper' and 'SysUserMapper' mapperInterface. Bean already defined with the same name!
[2021-04-18 17:44:11] [WARN ] [tk.mybatis.spring.mapper.ClassPathMapperScanner:146]-- No MyBatis mapper was found in '[com.company.logistics.**.mapper]' package. Please check your configuration.
[2021-04-18 17:44:11] [WARN ] [org.mybatis.spring.mapper.ClassPathMapperScanner:44]-- No MyBatis mapper was found in '[com.company.logistics.controller]' package. Please check your configuration.
[2021-04-18 17:44:11] [WARN ] [org.springframework.context.annotation.ConfigurationClassPostProcessor:381]-- Cannot enhance @Configuration bean definition 'mapperConfiguration' since its singleton instance has been created too early. The typical cause is a non-static @Bean method with a BeanDefinitionRegistryPostProcessor return type: Consider declaring such methods as 'static'.
[2021-04-18 18:48:05] [WARN ] [tk.mybatis.spring.mapper.ClassPathMapperScanner:229]-- Skipping MapperFactoryBean with name 'companyMapper' and 'CompanyMapper' mapperInterface. Bean already defined with the same name!
[2021-04-18 18:48:05] [WARN ] [tk.mybatis.spring.mapper.ClassPathMapperScanner:229]-- Skipping MapperFactoryBean with name 'sysRoleMapper' and 'SysRoleMapper' mapperInterface. Bean already defined with the same name!
[2021-04-18 18:48:05] [WARN ] [tk.mybatis.spring.mapper.ClassPathMapperScanner:229]-- Skipping MapperFactoryBean with name 'sysUserMapper' and 'SysUserMapper' mapperInterface. Bean already defined with the same name!
[2021-04-18 18:48:05] [WARN ] [tk.mybatis.spring.mapper.ClassPathMapperScanner:146]-- No MyBatis mapper was found in '[com.company.logistics.**.mapper]' package. Please check your configuration.
[2021-04-18 18:48:05] [WARN ] [org.mybatis.spring.mapper.ClassPathMapperScanner:44]-- No MyBatis mapper was found in '[com.company.logistics.controller]' package. Please check your configuration.
[2021-04-18 18:48:05] [WARN ] [org.springframework.context.annotation.ConfigurationClassPostProcessor:381]-- Cannot enhance @Configuration bean definition 'mapperConfiguration' since its singleton instance has been created too early. The typical cause is a non-static @Bean method with a BeanDefinitionRegistryPostProcessor return type: Consider declaring such methods as 'static'.
[2021-04-18 18:52:34] [WARN ] [tk.mybatis.spring.mapper.ClassPathMapperScanner:229]-- Skipping MapperFactoryBean with name 'companyMapper' and 'CompanyMapper' mapperInterface. Bean already defined with the same name!
[2021-04-18 18:52:34] [WARN ] [tk.mybatis.spring.mapper.ClassPathMapperScanner:229]-- Skipping MapperFactoryBean with name 'sysRoleMapper' and 'SysRoleMapper' mapperInterface. Bean already defined with the same name!
[2021-04-18 18:52:34] [WARN ] [tk.mybatis.spring.mapper.ClassPathMapperScanner:229]-- Skipping MapperFactoryBean with name 'sysUserMapper' and 'SysUserMapper' mapperInterface. Bean already defined with the same name!
[2021-04-18 18:52:34] [WARN ] [tk.mybatis.spring.mapper.ClassPathMapperScanner:146]-- No MyBatis mapper was found in '[com.company.logistics.**.mapper]' package. Please check your configuration.
[2021-04-18 18:52:34] [WARN ] [org.mybatis.spring.mapper.ClassPathMapperScanner:44]-- No MyBatis mapper was found in '[com.company.logistics.controller]' package. Please check your configuration.
[2021-04-18 18:52:34] [WARN ] [org.springframework.context.annotation.ConfigurationClassPostProcessor:381]-- Cannot enhance @Configuration bean definition 'mapperConfiguration' since its singleton instance has been created too early. The typical cause is a non-static @Bean method with a BeanDefinitionRegistryPostProcessor return type: Consider declaring such methods as 'static'.
[2021-04-18 18:56:10] [WARN ] [tk.mybatis.spring.mapper.ClassPathMapperScanner:229]-- Skipping MapperFactoryBean with name 'companyMapper' and 'CompanyMapper' mapperInterface. Bean already defined with the same name!
[2021-04-18 18:56:10] [WARN ] [tk.mybatis.spring.mapper.ClassPathMapperScanner:229]-- Skipping MapperFactoryBean with name 'sysRoleMapper' and 'SysRoleMapper' mapperInterface. Bean already defined with the same name!
[2021-04-18 18:56:10] [WARN ] [tk.mybatis.spring.mapper.ClassPathMapperScanner:229]-- Skipping MapperFactoryBean with name 'sysUserMapper' and 'SysUserMapper' mapperInterface. Bean already defined with the same name!
[2021-04-18 18:56:10] [WARN ] [tk.mybatis.spring.mapper.ClassPathMapperScanner:146]-- No MyBatis mapper was found in '[com.company.logistics.**.mapper]' package. Please check your configuration.
[2021-04-18 18:56:10] [WARN ] [org.mybatis.spring.mapper.ClassPathMapperScanner:44]-- No MyBatis mapper was found in '[com.company.logistics.controller]' package. Please check your configuration.
[2021-04-18 18:56:10] [WARN ] [org.springframework.context.annotation.ConfigurationClassPostProcessor:381]-- Cannot enhance @Configuration bean definition 'mapperConfiguration' since its singleton instance has been created too early. The typical cause is a non-static @Bean method with a BeanDefinitionRegistryPostProcessor return type: Consider declaring such methods as 'static'.
[2021-04-18 19:01:41] [WARN ] [tk.mybatis.spring.mapper.ClassPathMapperScanner:229]-- Skipping MapperFactoryBean with name 'companyMapper' and 'CompanyMapper' mapperInterface. Bean already defined with the same name!
[2021-04-18 19:01:41] [WARN ] [tk.mybatis.spring.mapper.ClassPathMapperScanner:229]-- Skipping MapperFactoryBean with name 'sysRoleMapper' and 'SysRoleMapper' mapperInterface. Bean already defined with the same name!
[2021-04-18 19:01:41] [WARN ] [tk.mybatis.spring.mapper.ClassPathMapperScanner:229]-- Skipping MapperFactoryBean with name 'sysUserMapper' and 'SysUserMapper' mapperInterface. Bean already defined with the same name!
[2021-04-18 19:01:41] [WARN ] [tk.mybatis.spring.mapper.ClassPathMapperScanner:146]-- No MyBatis mapper was found in '[com.company.logistics.**.mapper]' package. Please check your configuration.
[2021-04-18 19:01:41] [WARN ] [org.mybatis.spring.mapper.ClassPathMapperScanner:44]-- No MyBatis mapper was found in '[com.company.logistics.controller]' package. Please check your configuration.
[2021-04-18 19:01:41] [WARN ] [org.springframework.context.annotation.ConfigurationClassPostProcessor:381]-- Cannot enhance @Configuration bean definition 'mapperConfiguration' since its singleton instance has been created too early. The typical cause is a non-static @Bean method with a BeanDefinitionRegistryPostProcessor return type: Consider declaring such methods as 'static'.
[2021-06-11 00:11:41] [WARN ] [tk.mybatis.spring.mapper.ClassPathMapperScanner:229]-- Skipping MapperFactoryBean with name 'companyMapper' and 'CompanyMapper' mapperInterface. Bean already defined with the same name!
[2021-06-11 00:11:41] [WARN ] [tk.mybatis.spring.mapper.ClassPathMapperScanner:229]-- Skipping MapperFactoryBean with name 'sysRoleMapper' and 'SysRoleMapper' mapperInterface. Bean already defined with the same name!
[2021-06-11 00:11:41] [WARN ] [tk.mybatis.spring.mapper.ClassPathMapperScanner:229]-- Skipping MapperFactoryBean with name 'sysUserMapper' and 'SysUserMapper' mapperInterface. Bean already defined with the same name!
[2021-06-11 00:11:41] [WARN ] [tk.mybatis.spring.mapper.ClassPathMapperScanner:146]-- No MyBatis mapper was found in '[com.company.logistics.**.mapper]' package. Please check your configuration.
[2021-06-11 00:11:41] [WARN ] [org.mybatis.spring.mapper.ClassPathMapperScanner:44]-- No MyBatis mapper was found in '[com.company.logistics.controller]' package. Please check your configuration.
[2021-06-11 00:11:41] [WARN ] [org.springframework.context.annotation.ConfigurationClassPostProcessor:381]-- Cannot enhance @Configuration bean definition 'mapperConfiguration' since its singleton instance has been created too early. The typical cause is a non-static @Bean method with a BeanDefinitionRegistryPostProcessor return type: Consider declaring such methods as 'static'.
[2022-06-03 12:18:30] [WARN ] [org.springframework.boot.web.servlet.context.AnnotationConfigServletWebServerApplicationContext:558]-- Exception encountered during context initialization - cancelling refresh attempt: org.springframework.beans.factory.BeanCreationException: Error creating bean with name 'mapperScannerConfigurer' defined in class path resource [com/ddamit/config/MapperConfiguration.class]: Bean instantiation via factory method failed; nested exception is org.springframework.beans.BeanInstantiationException: Failed to instantiate [tk.mybatis.spring.mapper.MapperScannerConfigurer]: Factory method 'mapperScannerConfigurer' threw exception; nested exception is tk.mybatis.mapper.MapperException: 注册通用Mapper[BaseMapper]失败，找不到该通用Mapper!
[2022-06-03 12:27:12] [WARN ] [tk.mybatis.spring.mapper.ClassPathMapperScanner:229]-- Skipping MapperFactoryBean with name 'sysRoleMapper' and 'com.ddamit.mapper.mapper.sys.SysRoleMapper' mapperInterface. Bean already defined with the same name!
[2022-06-03 12:27:12] [WARN ] [tk.mybatis.spring.mapper.ClassPathMapperScanner:229]-- Skipping MapperFactoryBean with name 'sysUserMapper' and 'com.ddamit.mapper.mapper.sys.SysUserMapper' mapperInterface. Bean already defined with the same name!
[2022-06-03 12:27:12] [WARN ] [tk.mybatis.spring.mapper.ClassPathMapperScanner:146]-- No MyBatis mapper was found in '[com.ddamit.**.mapper]' package. Please check your configuration.
[2022-06-03 12:27:12] [WARN ] [org.mybatis.spring.mapper.ClassPathMapperScanner:44]-- No MyBatis mapper was found in '[com.ddamit.controller]' package. Please check your configuration.
[2022-06-03 12:27:12] [WARN ] [org.springframework.context.annotation.ConfigurationClassPostProcessor:381]-- Cannot enhance @Configuration bean definition 'mapperConfiguration' since its singleton instance has been created too early. The typical cause is a non-static @Bean method with a BeanDefinitionRegistryPostProcessor return type: Consider declaring such methods as 'static'.
